INFO:root:avg_epoch_loss:0.4104255267551967, epoch:0
INFO:root:avg_epoch_loss:0.25737423165923073, epoch:1
INFO:root:avg_epoch_loss:0.4104329908177966, epoch:0
INFO:root:avg_epoch_loss:0.25736213386768386, epoch:1
INFO:root:avg_epoch_loss:0.21929942293181307, epoch:2
INFO:root:avg_epoch_loss:0.2055190464570409, epoch:3
INFO:root:avg_epoch_loss:0.20295483131139053, epoch:4
INFO:root:avg_epoch_loss:0.18861488740713822, epoch:5
INFO:root:avg_epoch_loss:0.17648894481715702, epoch:6
INFO:root:avg_epoch_loss:0.18435485386067912, epoch:7
INFO:root:avg_epoch_loss:0.1711280317533584, epoch:8
INFO:root:avg_epoch_loss:0.17643795299920298, epoch:9
INFO:root:avg_epoch_loss:0.15778420790142955, epoch:10
INFO:root:avg_epoch_loss:0.16575782400156772, epoch:11
INFO:root:avg_epoch_loss:0.16740164063161328, epoch:12
INFO:root:avg_epoch_loss:0.16324654403364375, epoch:13
INFO:root:avg_epoch_loss:0.14487416629812547, epoch:14
INFO:root:valid_avg_epoch_loss0.1473112553358078, epoch:14
INFO:root:best loss is updated to 0.1473112553358078 at 14
INFO:root:avg_epoch_loss:0.14333967749206794, epoch:15
INFO:root:avg_epoch_loss:0.13444371100160338, epoch:16
INFO:root:avg_epoch_loss:0.1383648393675685, epoch:17
INFO:root:avg_epoch_loss:0.13543527444735878, epoch:18
INFO:root:avg_epoch_loss:0.13393967940161625, epoch:19
INFO:root:valid_avg_epoch_loss0.13900025002658367, epoch:19
INFO:root:best loss is updated to 0.13900025002658367 at 19
INFO:root:model_name=
INFO:root:avg_epoch_loss:0.4104177751356647, epoch:0
INFO:root:avg_epoch_loss:0.2573688519852502, epoch:1
INFO:root:avg_epoch_loss:0.21929503409635454, epoch:2
INFO:root:avg_epoch_loss:0.20583489262277171, epoch:3
INFO:root:avg_epoch_loss:0.20573420964536213, epoch:4
INFO:root:valid_avg_epoch_loss0.20112096145749092, epoch:4
INFO:root:best loss is updated to 0.20112096145749092 at 4
INFO:root:model_name=
INFO:root:rmse_total=39.13923078897827
INFO:root:mae_total=19.24107864714337
INFO:root:batch_no=1
INFO:root:rmse_total=28.13922603574885
INFO:root:mae_total=13.972358416120192
INFO:root:batch_no=2
INFO:root:RMSE=28.13922603574885
INFO:root:MAE=13.972358416120192
INFO:root:CRPS=0.15882611274719238
INFO:root:avg_epoch_loss:0.3987430495670043, epoch:0
INFO:root:avg_epoch_loss:0.26612499526825295, epoch:1
INFO:root:avg_epoch_loss:0.23289684017738663, epoch:2
INFO:root:avg_epoch_loss:0.2038467330745904, epoch:3
INFO:root:avg_epoch_loss:0.2137342124100191, epoch:4
INFO:root:valid_avg_epoch_loss0.0, epoch:4
INFO:root:best loss is updated to 0.0 at 4
INFO:root:model_name=
